<?xml version="1.0" encoding="UTF-8"?>
<testsuite name="Tutorialninja Test"
           tests="2"
           failures="0"
           errors="0"
           skipped="0"
           time="49.439">
  <properties />
  
  
            <testcase name="verifyProductArrangeInAlphabeticalOrder" time="10.302" classname="com.tutorialsninja.testsuite.DesktopsPageTest" />
                <testcase name="verifyProductAddedToShoppingCartSuccessFully" time="39.137" classname="com.tutorialsninja.testsuite.DesktopsPageTest" />
      
</testsuite>
